C51 COMPILER V9.60.7.0   ENDSEM_Q2                                                         04/08/2023 17:01:47 PAGE 1   


C51 COMPILER V9.60.7.0, COMPILATION OF MODULE ENDSEM_Q2
OBJECT MODULE PLACED IN .\Objects\endsem_Q2.obj
COMPILER INVOKED BY: C:\Keil_v5\C51\BIN\C51.EXE endsem_Q2.c OPTIMIZE(8,SPEED) BROWSE DEBUG OBJECTEXTEND PRINT(.\Listings
                    -\endsem_Q2.lst) TABS(2) OBJECT(.\Objects\endsem_Q2.obj)

line level    source

   1          #include<at89c5131.h>
   2          #include<stdio.h>
   3          #include<stdlib.h>
   4          #include "lcd.h"
   5          #include "serial.h"
   6          
   7          unsigned char scarcity[4] = { '5' , '5' , '8' ,'6'  };
   8          void main()
   9          {
  10   1        unsigned char ch;
  11   1        unsigned char cha;
  12   1        unsigned char chb;
  13   1        unsigned char quantity;
  14   1        unsigned char quantity2;
  15   1         uart_init();
  16   1        
  17   1        
  18   1          initial_state1:
  19   1          initial_state2:
  20   1        transmit_string(" \r\n");
  21   1        transmit_string("Resources available: DSO-");
  22   1          transmit_char(scarcity[0]);
  23   1          transmit_string("AFG-");
  24   1          transmit_char(scarcity[1]);
  25   1          transmit_string("DMM-");
  26   1          transmit_char(scarcity[2]);
  27   1          transmit_string("DPS-");
  28   1          transmit_char(scarcity[3]);
  29   1        transmit_string(" \r\n");
  30   1          
  31   1          transmit_string("Press I for Issue and R for Return\r\n");
  32   1          
  33   1          ch = receive_char();
  34   1          if(ch == 'I' || ch == 'i')
  35   1          {
  36   2          transmit_string("Enter Resource to be borrowed:\r\n");
  37   2            cha = receive_char();
  38   2            transmit_string("Enter quantity:\r\n");
  39   2            quantity = receive_char();      
  40   2            if(cha == '1')
  41   2            {
  42   3            if(scarcity[0] < quantity)
  43   3            {
  44   4               transmit_string("Requested resource not available...");
  45   4            } 
  46   3            else 
  47   3            {
  48   4              transmit_string("Requested resource allocated!");
  49   4              scarcity[0] = scarcity[0] - quantity + '0';
  50   4             }  
  51   3            }
  52   2            
  53   2            else if(cha == '2')
  54   2            {
C51 COMPILER V9.60.7.0   ENDSEM_Q2                                                         04/08/2023 17:01:47 PAGE 2   

  55   3            if(scarcity[1] < quantity)
  56   3            {
  57   4               transmit_string("Requested resource not available...");
  58   4            } 
  59   3            else 
  60   3            {
  61   4              transmit_string("Requested resource allocated!");
  62   4              scarcity[1] = scarcity[1] - quantity + '0';
  63   4             }  
  64   3            }
  65   2            
  66   2                  else if(cha == '3')
  67   2            {
  68   3            if(scarcity[2] < quantity)
  69   3            {
  70   4               transmit_string("Requested resource not available...");
  71   4            } 
  72   3            else 
  73   3            {
  74   4              transmit_string("Requested resource allocated!");
  75   4              scarcity[2] = scarcity[2] - quantity + '0';
  76   4             }  
  77   3            }
  78   2            
  79   2              else if(cha == '4')
  80   2            {
  81   3            if(scarcity[3] < quantity)
  82   3            {
  83   4               transmit_string("Requested resource not available...");
  84   4            } 
  85   3            else 
  86   3            {
  87   4              transmit_string("Requested resource allocated!");
  88   4              scarcity[3] = scarcity[3] - quantity + '0';
  89   4             }  
  90   3            }
  91   2            
  92   2            goto initial_state1;
  93   2            
  94   2            
  95   2            
  96   2          }
  97   1          else if(ch = 'R' || ch == 'r')
  98   1          {
  99   2            transmit_string("Enter Resource to be returned:\r\n");
 100   2            chb = receive_char();
 101   2            transmit_string("Enter quantity:\r\n");
 102   2            quantity2 = receive_char();
 103   2          
 104   2            if(chb == '1')
 105   2            {
 106   3              if(scarcity[0] == '5')
 107   3              {
 108   4                transmit_string("You can’t return what you don’t have...");
 109   4              }
 110   3              else 
 111   3              {
 112   4              transmit_string("Returned resource received!");
 113   4                scarcity[0] = scarcity[0] + quantity2 - '0';
 114   4              }
 115   3              
 116   3            }
C51 COMPILER V9.60.7.0   ENDSEM_Q2                                                         04/08/2023 17:01:47 PAGE 3   

 117   2            
 118   2            else if(chb == '2')
 119   2            {
 120   3              if(scarcity[1] == '5')
 121   3              {
 122   4                transmit_string("You can’t return what you don’t have...");
 123   4              }
 124   3              else 
 125   3              {
 126   4              transmit_string("Returned resource received!");
 127   4                scarcity[1] = scarcity[1] + quantity2 - '0';
 128   4              }
 129   3              
 130   3            }
 131   2            
 132   2            else if(chb == '3')
 133   2            {
 134   3              if(scarcity[2] == '8')
 135   3              {
 136   4                transmit_string("You can’t return what you don’t have...");
 137   4              }
 138   3              else 
 139   3              {
 140   4              transmit_string("Returned resource received!");
 141   4                scarcity[2] = scarcity[2] + quantity2 - '0';
 142   4              }
 143   3              
 144   3            }
 145   2            
 146   2            else if(chb == '4')
 147   2            {
 148   3              if(scarcity[3] == '6')
 149   3              {
 150   4                transmit_string("You can’t return what you don’t have...");
 151   4              }
 152   3              else 
 153   3              {
 154   4              transmit_string("Returned resource received!");
 155   4                scarcity[3] = scarcity[3] + quantity2 - '0';
 156   4              }
 157   3              
 158   3            }
 159   2            goto initial_state2 ;
 160   2            
 161   2          
 162   2          }
 163   1          
 164   1        
 165   1        
 166   1        
 167   1        
 168   1        while(1);
 169   1        
 170   1      }
 171          


MODULE INFORMATION:   STATIC OVERLAYABLE
   CODE SIZE        =    695    ----
   CONSTANT SIZE    =    300    ----
   XDATA SIZE       =   ----    ----
   PDATA SIZE       =   ----    ----
C51 COMPILER V9.60.7.0   ENDSEM_Q2                                                         04/08/2023 17:01:47 PAGE 4   

   DATA SIZE        =      4       8
   IDATA SIZE       =   ----    ----
   BIT SIZE         =      2    ----
END OF MODULE INFORMATION.


C51 COMPILATION COMPLETE.  0 WARNING(S),  0 ERROR(S)
